2023.06.07 18:25:55 INFO  Started: Metals version 0.11.12 in workspace '/home/natasa/Desktop/Fakultet/6_sem/pp' for client Visual Studio Code 1.78.2.
Jun 07, 2023 6:25:55 PM org.flywaydb.core.internal.license.VersionPrinter printVersionOnly
INFO: Flyway Community Edition 9.16.3 by Redgate
Jun 07, 2023 6:25:55 PM org.flywaydb.core.internal.license.VersionPrinter printVersion
INFO: See release notes here: https://rd.gt/416ObMi
Jun 07, 2023 6:25:55 PM org.flywaydb.core.internal.license.VersionPrinter printVersion
INFO: 
Jun 07, 2023 6:25:56 PM org.flywaydb.core.internal.database.base.BaseDatabaseType createDatabase
INFO: Database: jdbc:h2:file:/home/natasa/Desktop/Fakultet/6_sem/pp/.metals/metals (H2 2.1)
Jun 07, 2023 6:25:56 PM org.flywaydb.core.internal.schemahistory.JdbcTableSchemaHistory allAppliedMigrations
INFO: Schema history table "PUBLIC"."flyway_schema_history" does not exist yet
Jun 07, 2023 6:25:56 PM org.flywaydb.core.internal.command.DbValidate validate
INFO: Successfully validated 4 migrations (execution time 00:00.131s)
Jun 07, 2023 6:25:57 PM org.flywaydb.core.internal.schemahistory.JdbcTableSchemaHistory create
INFO: Creating Schema History table "PUBLIC"."flyway_schema_history" ...
Jun 07, 2023 6:25:57 PM org.flywaydb.core.internal.command.DbMigrate migrateGroup
INFO: Current version of schema "PUBLIC": << Empty Schema >>
Jun 07, 2023 6:25:57 PM org.flywaydb.core.internal.command.DbMigrate doMigrateGroup
INFO: Migrating schema "PUBLIC" to version "1 - Create tables"
Jun 07, 2023 6:25:57 PM org.flywaydb.core.internal.command.DbMigrate doMigrateGroup
INFO: Migrating schema "PUBLIC" to version "2 - Server discovery"
Jun 07, 2023 6:25:57 PM org.flywaydb.core.internal.command.DbMigrate doMigrateGroup
INFO: Migrating schema "PUBLIC" to version "3 - Jar symbols"
Jun 07, 2023 6:25:57 PM org.flywaydb.core.internal.command.DbMigrate doMigrateGroup
INFO: Migrating schema "PUBLIC" to version "4 - Fingerprints"
Jun 07, 2023 6:25:57 PM org.flywaydb.core.internal.command.DbMigrate logSummary
INFO: Successfully applied 4 migrations to schema "PUBLIC", now at version v4 (execution time 00:00.411s)
2023.06.07 18:25:57 INFO  time: initialize in 2.5s
2023.06.07 18:26:05 WARN  Build server is not auto-connectable.
2023.06.07 18:26:05 WARN  no build tool detected in workspace '/home/natasa/Desktop/Fakultet/6_sem/pp'. The most common cause for this problem is that the editor was opened in the wrong working directory, for example if you use sbt then the workspace directory should contain build.sbt. 
Jun 07, 2023 6:26:05 PM org.eclipse.lsp4j.jsonrpc.RemoteEndpoint handleCancellation
WARNING: Unmatched cancel notification for request id 1
2023.06.07 18:26:05 WARN  no build target for: /home/natasa/Desktop/Fakultet/6_sem/pp/vezbe/10/Scala/src/main/scala/ParniKvadrati.scala
2023.06.07 18:29:04 INFO  no build target found for /home/natasa/Desktop/Fakultet/6_sem/pp/vezbe/10/Scala/src/main/scala/ParniKvadrati.scala. Using presentation compiler with project's scala-library version: 3.2.2
2023.06.11 14:22:12 INFO  Started: Metals version 0.11.12 in workspace '/home/natasa/Desktop/Fakultet/6_sem/pp' for client Visual Studio Code 1.79.0.
Jun 11, 2023 2:22:13 PM org.flywaydb.core.internal.license.VersionPrinter printVersionOnly
INFO: Flyway Community Edition 9.16.3 by Redgate
Jun 11, 2023 2:22:13 PM org.flywaydb.core.internal.license.VersionPrinter printVersion
INFO: See release notes here: https://rd.gt/416ObMi
Jun 11, 2023 2:22:13 PM org.flywaydb.core.internal.license.VersionPrinter printVersion
INFO: 
Jun 11, 2023 2:22:15 PM org.flywaydb.core.internal.database.base.BaseDatabaseType createDatabase
INFO: Database: jdbc:h2:file:/home/natasa/Desktop/Fakultet/6_sem/pp/.metals/metals (H2 2.1)
Jun 11, 2023 2:22:16 PM org.flywaydb.core.internal.command.DbValidate validate
INFO: Successfully validated 4 migrations (execution time 00:00.209s)
Jun 11, 2023 2:22:16 PM org.flywaydb.core.internal.command.DbMigrate migrateGroup
INFO: Current version of schema "PUBLIC": 4
Jun 11, 2023 2:22:16 PM org.flywaydb.core.internal.command.DbMigrate logSummary
INFO: Schema "PUBLIC" is up to date. No migration necessary.
2023.06.11 14:22:16 INFO  time: initialize in 4.07s
2023.06.11 14:22:25 WARN  Build server is not auto-connectable.
2023.06.11 14:22:25 WARN  no build tool detected in workspace '/home/natasa/Desktop/Fakultet/6_sem/pp'. The most common cause for this problem is that the editor was opened in the wrong working directory, for example if you use sbt then the workspace directory should contain build.sbt. 
2023.06.11 14:22:25 WARN  no build target for: /home/natasa/Desktop/Fakultet/6_sem/pp/vezbe/10/Scala/src/main/scala/ParniKvadrati.scala
2023.06.11 14:22:38 INFO  no build target found for /home/natasa/Desktop/Fakultet/6_sem/pp/vezbe/10/Scala/src/main/scala/ParniKvadrati.scala. Using presentation compiler with project's scala-library version: 3.2.2
2023.06.11 14:34:59 INFO  Shutting down server
2023.06.11 14:34:59 INFO  shutting down Metals
2023.06.11 14:35:00 INFO  Exiting server
2023.06.17 11:50:23 INFO  Started: Metals version 0.11.12 in workspace '/home/natasa/Desktop/Fakultet/6_sem/pp' for client Visual Studio Code 1.79.0.[0m
Jun 17, 2023 11:50:23 AM org.flywaydb.core.internal.license.VersionPrinter printVersionOnly
INFO: Flyway Community Edition 9.16.3 by Redgate
Jun 17, 2023 11:50:23 AM org.flywaydb.core.internal.license.VersionPrinter printVersion
INFO: See release notes here: https://rd.gt/416ObMi
Jun 17, 2023 11:50:23 AM org.flywaydb.core.internal.license.VersionPrinter printVersion
INFO: 
Jun 17, 2023 11:50:26 AM org.flywaydb.core.internal.database.base.BaseDatabaseType createDatabase
INFO: Database: jdbc:h2:file:/home/natasa/Desktop/Fakultet/6_sem/pp/.metals/metals (H2 2.1)
Jun 17, 2023 11:50:27 AM org.flywaydb.core.internal.command.DbValidate validate
INFO: Successfully validated 4 migrations (execution time 00:00.220s)
Jun 17, 2023 11:50:27 AM org.flywaydb.core.internal.command.DbMigrate migrateGroup
INFO: Current version of schema "PUBLIC": 4
Jun 17, 2023 11:50:27 AM org.flywaydb.core.internal.command.DbMigrate logSummary
INFO: Schema "PUBLIC" is up to date. No migration necessary.
2023.06.17 11:50:28 INFO  time: initialize in 4.87s[0m
2023.06.17 11:50:41 WARN  Build server is not auto-connectable.[0m
2023.06.17 11:50:41 WARN  no build tool detected in workspace '/home/natasa/Desktop/Fakultet/6_sem/pp'. The most common cause for this problem is that the editor was opened in the wrong working directory, for example if you use sbt then the workspace directory should contain build.sbt. [0m
2023.06.17 11:50:41 WARN  no build target for: /home/natasa/Desktop/Fakultet/6_sem/pp/vezbe/10/Scala/src/main/scala/ParniKvadrati.scala[0m
2023.06.17 11:50:59 INFO  no build target found for /home/natasa/Desktop/Fakultet/6_sem/pp/vezbe/10/Scala/src/main/scala/ParniKvadrati.scala. Using presentation compiler with project's scala-library version: 3.2.2[0m
2023.06.17 11:51:14 INFO  time: code lens generation in 33s[0m
Jun 17, 2023 11:55:10 AM org.eclipse.lsp4j.jsonrpc.services.GenericEndpoint notify
INFO: Unsupported notification method: $/setTrace
